<?xml version="1.0" encoding="UTF-8"?>
<!-- Generated by org.testng.reporters.JUnitReportReporter -->
<testsuite hostname="DESKTOP-IS2JCJD" name="com.crm.SDET26.BasicScripts.CreateOrganizationTest" tests="1" failures="0" timestamp="3 Dec 2021 03:58:27 GMT" time="20.178" errors="0">
  <testcase name="createOrganizationTest" time="20.178" classname="com.crm.SDET26.BasicScripts.CreateOrganizationTest"/>
</testsuite> <!-- com.crm.SDET26.BasicScripts.CreateOrganizationTest -->
