<?xml version="1.0" encoding="UTF-8"?>
<!-- Generated by org.testng.reporters.JUnitReportReporter -->
<testsuite hostname="DESKTOP-IS2JCJD" name="com.crm.SDET26.BasicScripts.CreateOrganizationTestTest" tests="1" failures="0" timestamp="28 Nov 2021 17:55:31 GMT" time="55.624" errors="0">
  <testcase name="CreateOrganization" time="55.624" classname="com.crm.SDET26.BasicScripts.CreateOrganizationTestTest"/>
</testsuite> <!-- com.crm.SDET26.BasicScripts.CreateOrganizationTestTest -->
