<?xml version="1.0" encoding="UTF-8"?>
<!-- Generated by org.testng.reporters.JUnitReportReporter -->
<testsuite hostname="DESKTOP-IS2JCJD" name="com.crm.SDET26.PomAndUtility.CreateContactTest" tests="1" failures="0" timestamp="6 Dec 2021 12:23:34 GMT" time="10.784" errors="0">
  <testcase name="CreateContact" time="10.784" classname="com.crm.SDET26.PomAndUtility.CreateContactTest"/>
</testsuite> <!-- com.crm.SDET26.PomAndUtility.CreateContactTest -->
