<?xml version="1.0" encoding="UTF-8"?>
<!-- Generated by org.testng.reporters.JUnitReportReporter -->
<testsuite hostname="DESKTOP-IS2JCJD" name="com.crm.SDET26.practice.SampleJDBCExecuteUpdate" tests="1" failures="0" timestamp="28 Nov 2021 18:06:59 GMT" time="0.424" errors="0">
  <testcase name="SampleJDBCExecuteUpdate" time="0.424" classname="com.crm.SDET26.practice.SampleJDBCExecuteUpdate"/>
</testsuite> <!-- com.crm.SDET26.practice.SampleJDBCExecuteUpdate -->
