<?xml version="1.0" encoding="UTF-8"?>
<!-- Generated by org.testng.reporters.JUnitReportReporter -->
<testsuite hostname="DESKTOP-IS2JCJD" name="com.vtiger.SDET26.contacts.CreateContactWithSupportDateTest" tests="1" failures="0" timestamp="2 Dec 2021 18:27:21 GMT" time="15.887" errors="0">
  <testcase name="CreateContactWithSupportDateTest" time="15.887" classname="com.vtiger.SDET26.contacts.CreateContactWithSupportDateTest"/>
</testsuite> <!-- com.vtiger.SDET26.contacts.CreateContactWithSupportDateTest -->
