<?xml version="1.0" encoding="UTF-8"?>
<!-- Generated by org.testng.reporters.JUnitReportReporter -->
<testsuite hostname="DESKTOP-IS2JCJD" name="com.crm.SDET26.practice.SampleJDBCExecuteQuery" tests="1" failures="0" timestamp="28 Nov 2021 18:06:38 GMT" time="0.300" errors="0">
  <testcase name="SampleJDBCExecuteQuery" time="0.300" classname="com.crm.SDET26.practice.SampleJDBCExecuteQuery"/>
</testsuite> <!-- com.crm.SDET26.practice.SampleJDBCExecuteQuery -->
