<?xml version="1.0" encoding="UTF-8"?>
<!-- Generated by org.testng.reporters.JUnitReportReporter -->
<testsuite hostname="DESKTOP-IS2JCJD" name="com.crm.SDET26.BasicScripts.CreateOrgWithIndustryTest" tests="1" failures="0" timestamp="3 Dec 2021 03:39:59 GMT" time="28.631" errors="0">
  <testcase name="CreateOrgWithIndustry" time="28.631" classname="com.crm.SDET26.BasicScripts.CreateOrgWithIndustryTest"/>
</testsuite> <!-- com.crm.SDET26.BasicScripts.CreateOrgWithIndustryTest -->
