<?xml version="1.0" encoding="UTF-8"?>
<!-- Generated by org.testng.reporters.JUnitReportReporter -->
<testsuite hostname="DESKTOP-IS2JCJD" name="com.crm.SDET26.practice.ByUsingTryAndCatchAndFinalyBlock" tests="1" failures="0" timestamp="28 Nov 2021 18:11:43 GMT" time="0.316" errors="0">
  <testcase name="ByUsingTryAndCatchAndFinalyBlock" time="0.316" classname="com.crm.SDET26.practice.ByUsingTryAndCatchAndFinalyBlock"/>
</testsuite> <!-- com.crm.SDET26.practice.ByUsingTryAndCatchAndFinalyBlock -->
