<?xml version="1.0" encoding="UTF-8"?>
<!-- Generated by org.testng.reporters.JUnitReportReporter -->
<testsuite hostname="DESKTOP-IS2JCJD" name="com.crm.SDET26.PomAndUtility.CreateContactTestTest" tests="4" failures="0" timestamp="6 Dec 2021 12:10:16 GMT" time="75.342" errors="0">
  <testcase name="CreateContact" time="25.993" classname="com.crm.SDET26.PomAndUtility.CreateContactTestTest"/>
  <testcase name="CreateContactWithSupportDateTest" time="16.763" classname="com.crm.SDET26.PomAndUtility.CreateContactTestTest"/>
  <testcase name="CreateContact" time="16.443" classname="com.crm.SDET26.PomAndUtility.CreateContactTestTest"/>
  <testcase name="CreateContactWithSupportDateTest" time="16.143" classname="com.crm.SDET26.PomAndUtility.CreateContactTestTest"/>
</testsuite> <!-- com.crm.SDET26.PomAndUtility.CreateContactTestTest -->
