<?xml version="1.0" encoding="UTF-8"?>
<!-- Generated by org.testng.reporters.JUnitReportReporter -->
<testsuite hostname="DESKTOP-IS2JCJD" name="com.vtiger.SDET26.testcases.ConvertLeadToOpertunitiesBySelectingOrganisationAndOpertunityTheChekboxsAndFeelAllTheMandatoryFields" tests="1" failures="0" timestamp="5 Dec 2021 05:35:14 GMT" time="10.884" errors="0">
  <testcase name="ConvertLeadToOpertunitiesBySelectingOrganisationAndOpertunityTheChekboxsAndFeelAllTheMandatoryFields" time="10.884" classname="com.vtiger.SDET26.testcases.ConvertLeadToOpertunitiesBySelectingOrganisationAndOpertunityTheChekboxsAndFeelAllTheMandatoryFields"/>
</testsuite> <!-- com.vtiger.SDET26.testcases.ConvertLeadToOpertunitiesBySelectingOrganisationAndOpertunityTheChekboxsAndFeelAllTheMandatoryFields -->
