<?xml version="1.0" encoding="UTF-8"?>
<!-- Generated by org.testng.reporters.JUnitReportReporter -->
<testsuite hostname="DESKTOP-IS2JCJD" name="com.vtiger.SDET26.contacts.CreateContactTest" tests="1" failures="0" timestamp="3 Dec 2021 03:51:13 GMT" time="20.626" errors="0">
  <testcase name="CreateContact" time="20.626" classname="com.vtiger.SDET26.contacts.CreateContactTest"/>
</testsuite> <!-- com.vtiger.SDET26.contacts.CreateContactTest -->
