<?xml version="1.0" encoding="UTF-8"?>
<!-- Generated by org.testng.reporters.JUnitReportReporter -->
<testsuite hostname="DESKTOP-IS2JCJD" name="com.crm.SDET26.BasicScripts.CreateContactWithOrgNameTest" tests="1" failures="0" timestamp="29 Nov 2021 10:31:28 GMT" time="15.541" errors="0">
  <testcase name="CreateContactWithOrgNameTest" time="15.541" classname="com.crm.SDET26.BasicScripts.CreateContactWithOrgNameTest"/>
</testsuite> <!-- com.crm.SDET26.BasicScripts.CreateContactWithOrgNameTest -->
