<?xml version="1.0" encoding="UTF-8"?>
<!-- Generated by org.testng.reporters.JUnitReportReporter -->
<testsuite hostname="DESKTOP-IS2JCJD" name="com.crm.SDET26.BasicScripts.CreateContactTest" tests="1" failures="0" timestamp="28 Nov 2021 18:00:49 GMT" time="19.098" errors="0">
  <testcase name="CreateContact" time="19.098" classname="com.crm.SDET26.BasicScripts.CreateContactTest"/>
</testsuite> <!-- com.crm.SDET26.BasicScripts.CreateContactTest -->
