<?xml version="1.0" encoding="UTF-8"?>
<!-- Generated by org.testng.reporters.JUnitReportReporter -->
<testsuite hostname="DESKTOP-IS2JCJD" name="com.crm.SDET26.BasicScripts.CreateContactWithOrgNameAndLeadTest" tests="1" failures="0" timestamp="28 Nov 2021 18:02:12 GMT" time="20.541" errors="0">
  <testcase name="CreateContactWithOrgNameAndLeadTest" time="20.541" classname="com.crm.SDET26.BasicScripts.CreateContactWithOrgNameAndLeadTest"/>
</testsuite> <!-- com.crm.SDET26.BasicScripts.CreateContactWithOrgNameAndLeadTest -->
